{"contracts\\ContractRegistry.sol":{"l":{"36":11,"37":10,"39":10,"53":10,"54":10,"56":10,"60":4,"61":4,"63":4,"65":3,"66":2,"67":2,"69":1,"70":1,"73":3,"77":4,"78":4,"80":4,"82":4,"83":3,"84":3,"85":2,"87":1,"88":1,"89":1,"92":3,"95":3,"96":1,"101":4,"102":4,"106":1,"107":1,"108":1},"path":"C:\\Users\\MrSavage\\Desktop\\MiniprojetV0\\blockchain\\contracts\\ContractRegistry.sol","s":{"1":11,"2":10,"3":10,"4":10,"5":10,"6":4,"7":4,"8":4,"9":3,"10":2,"11":1,"12":3,"13":4,"14":4,"15":4,"16":4,"17":3,"18":3,"19":1,"20":1,"21":3,"22":3,"23":1,"24":4,"25":4,"26":1,"27":1,"28":1},"b":{"1":[10,1],"2":[10,0],"3":[4,0],"4":[3,1],"5":[2,1],"6":[2,1],"7":[2,0],"8":[1,0],"9":[4,0],"10":[4,0],"11":[3,1],"12":[3,1],"13":[3,0],"14":[2,1],"15":[1,0],"16":[1,0],"17":[1,2],"18":[4,0],"19":[1,0]},"f":{"1":11,"2":4,"3":4,"4":4,"5":1},"fnMap":{"1":{"name":"registerContract","line":29,"loc":{"start":{"line":29,"column":4},"end":{"line":57,"column":4}}},"2":{"name":"signContract","line":59,"loc":{"start":{"line":59,"column":4},"end":{"line":74,"column":4}}},"3":{"name":"makePayment","line":76,"loc":{"start":{"line":76,"column":4},"end":{"line":98,"column":4}}},"4":{"name":"getContract","line":100,"loc":{"start":{"line":100,"column":4},"end":{"line":103,"column":4}}},"5":{"name":"isFullyPaid","line":105,"loc":{"start":{"line":105,"column":4},"end":{"line":109,"column":4}}}},"statementMap":{"1":{"start":{"line":36,"column":8},"end":{"line":36,"column":68}},"2":{"start":{"line":37,"column":8},"end":{"line":37,"column":87}},"3":{"start":{"line":53,"column":8},"end":{"line":53,"column":42}},"4":{"start":{"line":54,"column":8},"end":{"line":54,"column":45}},"5":{"start":{"line":56,"column":8},"end":{"line":56,"column":63}},"6":{"start":{"line":60,"column":8},"end":{"line":60,"column":64}},"7":{"start":{"line":61,"column":8},"end":{"line":61,"column":47}},"8":{"start":{"line":63,"column":8},"end":{"line":63,"column":105}},"9":{"start":{"line":65,"column":8},"end":{"line":65,"column":2296}},"10":{"start":{"line":66,"column":12},"end":{"line":66,"column":69}},"11":{"start":{"line":69,"column":12},"end":{"line":69,"column":75}},"12":{"start":{"line":73,"column":8},"end":{"line":73,"column":44}},"13":{"start":{"line":77,"column":8},"end":{"line":77,"column":64}},"14":{"start":{"line":78,"column":8},"end":{"line":78,"column":47}},"15":{"start":{"line":80,"column":8},"end":{"line":80,"column":105}},"16":{"start":{"line":82,"column":8},"end":{"line":82,"column":2953}},"17":{"start":{"line":83,"column":12},"end":{"line":83,"column":65}},"18":{"start":{"line":84,"column":12},"end":{"line":84,"column":78}},"19":{"start":{"line":87,"column":12},"end":{"line":87,"column":71}},"20":{"start":{"line":88,"column":12},"end":{"line":88,"column":81}},"21":{"start":{"line":92,"column":8},"end":{"line":92,"column":52}},"22":{"start":{"line":95,"column":8},"end":{"line":95,"column":3537}},"23":{"start":{"line":96,"column":12},"end":{"line":96,"column":39}},"24":{"start":{"line":101,"column":8},"end":{"line":101,"column":64}},"25":{"start":{"line":102,"column":8},"end":{"line":102,"column":29}},"26":{"start":{"line":106,"column":8},"end":{"line":106,"column":64}},"27":{"start":{"line":107,"column":8},"end":{"line":107,"column":47}},"28":{"start":{"line":108,"column":8},"end":{"line":108,"column":52}}},"branchMap":{"1":{"line":36,"type":"if","locations":[{"start":{"line":36,"column":8},"end":{"line":36,"column":8}},{"start":{"line":36,"column":8},"end":{"line":36,"column":8}}]},"2":{"line":37,"type":"if","locations":[{"start":{"line":37,"column":8},"end":{"line":37,"column":8}},{"start":{"line":37,"column":8},"end":{"line":37,"column":8}}]},"3":{"line":60,"type":"if","locations":[{"start":{"line":60,"column":8},"end":{"line":60,"column":8}},{"start":{"line":60,"column":8},"end":{"line":60,"column":8}}]},"4":{"line":63,"type":"if","locations":[{"start":{"line":63,"column":8},"end":{"line":63,"column":8}},{"start":{"line":63,"column":8},"end":{"line":63,"column":8}}]},"5":{"line":63,"type":"cond-expr","locations":[{"start":{"line":63,"column":16},"end":{"line":63,"column":40}},{"start":{"line":63,"column":45},"end":{"line":63,"column":72}}]},"6":{"line":65,"type":"if","locations":[{"start":{"line":65,"column":8},"end":{"line":65,"column":8}},{"start":{"line":65,"column":8},"end":{"line":65,"column":8}}]},"7":{"line":66,"type":"if","locations":[{"start":{"line":66,"column":12},"end":{"line":66,"column":12}},{"start":{"line":66,"column":12},"end":{"line":66,"column":12}}]},"8":{"line":69,"type":"if","locations":[{"start":{"line":69,"column":12},"end":{"line":69,"column":12}},{"start":{"line":69,"column":12},"end":{"line":69,"column":12}}]},"9":{"line":77,"type":"if","locations":[{"start":{"line":77,"column":8},"end":{"line":77,"column":8}},{"start":{"line":77,"column":8},"end":{"line":77,"column":8}}]},"10":{"line":80,"type":"if","locations":[{"start":{"line":80,"column":8},"end":{"line":80,"column":8}},{"start":{"line":80,"column":8},"end":{"line":80,"column":8}}]},"11":{"line":80,"type":"cond-expr","locations":[{"start":{"line":80,"column":16},"end":{"line":80,"column":40}},{"start":{"line":80,"column":45},"end":{"line":80,"column":72}}]},"12":{"line":82,"type":"if","locations":[{"start":{"line":82,"column":8},"end":{"line":82,"column":8}},{"start":{"line":82,"column":8},"end":{"line":82,"column":8}}]},"13":{"line":83,"type":"if","locations":[{"start":{"line":83,"column":12},"end":{"line":83,"column":12}},{"start":{"line":83,"column":12},"end":{"line":83,"column":12}}]},"14":{"line":84,"type":"if","locations":[{"start":{"line":84,"column":12},"end":{"line":84,"column":12}},{"start":{"line":84,"column":12},"end":{"line":84,"column":12}}]},"15":{"line":87,"type":"if","locations":[{"start":{"line":87,"column":12},"end":{"line":87,"column":12}},{"start":{"line":87,"column":12},"end":{"line":87,"column":12}}]},"16":{"line":88,"type":"if","locations":[{"start":{"line":88,"column":12},"end":{"line":88,"column":12}},{"start":{"line":88,"column":12},"end":{"line":88,"column":12}}]},"17":{"line":95,"type":"if","locations":[{"start":{"line":95,"column":8},"end":{"line":95,"column":8}},{"start":{"line":95,"column":8},"end":{"line":95,"column":8}}]},"18":{"line":101,"type":"if","locations":[{"start":{"line":101,"column":8},"end":{"line":101,"column":8}},{"start":{"line":101,"column":8},"end":{"line":101,"column":8}}]},"19":{"line":106,"type":"if","locations":[{"start":{"line":106,"column":8},"end":{"line":106,"column":8}},{"start":{"line":106,"column":8},"end":{"line":106,"column":8}}]}}}}